Traceback (most recent call last):
  File "C:\Users\alyden\Anaconda3\lib\site-packages\jupyter_cache\executors\utils.py", line 58, in single_nb_execution
    executenb(
  File "C:\Users\alyden\Anaconda3\lib\site-packages\nbclient\client.py", line 1204, in execute
    return NotebookClient(nb=nb, resources=resources, km=km, **kwargs).execute()
  File "C:\Users\alyden\Anaconda3\lib\site-packages\nbclient\util.py", line 84, in wrapped
    return just_run(coro(*args, **kwargs))
  File "C:\Users\alyden\Anaconda3\lib\site-packages\nbclient\util.py", line 62, in just_run
    return loop.run_until_complete(coro)
  File "C:\Users\alyden\Anaconda3\lib\asyncio\base_events.py", line 647, in run_until_complete
    return future.result()
  File "C:\Users\alyden\Anaconda3\lib\site-packages\nbclient\client.py", line 663, in async_execute
    await self.async_execute_cell(
  File "C:\Users\alyden\Anaconda3\lib\site-packages\nbclient\client.py", line 965, in async_execute_cell
    await self._check_raise_for_error(cell, cell_index, exec_reply)
  File "C:\Users\alyden\Anaconda3\lib\site-packages\nbclient\client.py", line 862, in _check_raise_for_error
    raise CellExecutionError.from_cell_and_msg(cell, exec_reply_content)
nbclient.exceptions.CellExecutionError: An error occurred while executing the following cell:
------------------
# from jupyter_dash import JupyterDash
from dash import Dash, dcc, html, Input, Output
import plotly.graph_objects as go
import plotly.express as px
import numpy as np
import pandas as pd
import dash_bootstrap_components as dbc

app = Dash(external_stylesheets=[dbc.themes.BOOTSTRAP])

app.layout = html.Div(
    [
        # html.H4("Budget constraint"),
        dcc.Graph(id="graph"),
        html.P("Select supply curve intercept:"),
        dcc.Slider(
            id="slider-supply-intercept",
            min=0,
            max=100,
            step=1,
            value=0,
            marks={i: str(i) for i in range(0, 201, 25)},
        ),
        html.P("Select supply curve slope:"),
        dcc.Slider(
            id="slider-supply-slope",
            min=0.5,
            max=5,
            step=0.10,
            value=2,
            marks={i: str(i) for i in range(0, 6, 2)},
        ),
        html.P("Select demand curve intercept:"),
        dcc.Slider(
            id="slider-demand-intercept",
            min=0,
            max=125,
            step=1,
            value=100,
            marks={i: str(i) for i in range(0, 201, 25)},
        ),
        html.P("Select demand curve slope:"),
        dcc.Slider(
            id="slider-demand-slope",
            min=-5,
            max=0.1,
            step=0.10,
            value=-3,
            marks={i: str(i) for i in range(-5, 1, 1)},
        ),
    ]
)

@app.callback(
    Output("graph", "figure"),
    Input("slider-supply-intercept", "value"),
    Input("slider-supply-slope", "value"),
    Input("slider-demand-intercept", "value"),
    Input("slider-demand-slope", "value")
)

def plot(supply_intercept, supply_slope, demand_intercept, demand_slope):
    def supply_function(supply_slope, supply_intercept):
        x_ = np.arange(0.1, 100., 0.1)
        y_ = []
        for x in x_:
            y = supply_slope * x + supply_intercept
            y_.append(y)
        df_plot = pd.DataFrame({'Quantity': x_, 'Price': y_})
        return df_plot
    def demand_function(demand_slope, demand_intercept):
        x_ = np.arange(0.1, 100., 0.1)
        y_ = []
        for x in x_:
            y = demand_slope * x + demand_intercept
            y_.append(y)
        df_plot = pd.DataFrame({'Quantity': x_, 'Price': y_})
        return df_plot
    def quantity_calc(supply_slope, supply_intercept, demand_slope, demand_intercept):
        quantity = (demand_intercept - supply_intercept) / (supply_slope - demand_slope)
        return quantity
    def price_calc(quantity, supply_slope, supply_intercept):
        price = supply_slope * quantity + supply_intercept
        return price

    df_supply = supply_function(supply_slope, supply_intercept)
    fig1 = px.line(df_supply, x='Quantity', y='Price', range_x=[0,50], range_y=[0,100])
    fig1.update_traces(line_color='blue', name='Supply curve', showlegend=True)

    df_demand = demand_function(demand_slope, demand_intercept)
    fig2 = px.line(df_demand, x='Quantity', y='Price', range_x=[0,50], range_y=[0,100])
    fig2.update_traces(line_color='green', name='Demand curve', showlegend=True)
    
    fig = go.Figure(data=fig1.data + fig2.data)

    quantity = quantity_calc(supply_slope, supply_intercept, demand_slope, demand_intercept)
    price = price_calc(quantity, supply_slope, supply_intercept)

    producer_surplus = (price - supply_intercept) * quantity / 2
    consumer_surplus = (demand_intercept - price) * quantity / 2

    fig_shape1 = go.Figure(go.Scatter(x=[0,0,quantity], y=[demand_intercept,price,price], line=dict(color="LightGreen"), fill="toself"))
    consumer_surplus_text = "Consumer surplus = " + str(round(consumer_surplus, 2))
    fig_shape1.update_traces(name=consumer_surplus_text)

    fig_shape2 = go.Figure(go.Scatter(x=[0,0,quantity], y=[supply_intercept,price,price], line=dict(color="LightBlue"), fill="toself"))
    producer_surplus_text = "Producer surplus = " + str(round(producer_surplus, 2))
    fig_shape2.update_traces(name=producer_surplus_text)

    fig = go.Figure(data=fig.data + fig_shape1.data + fig_shape2.data, layout = fig1.layout)

    fig.add_shape(type="line", x0=0, y0=price, x1=quantity, y1=price, line=dict(color="red", width=3, dash="dash"))
    fig.add_shape(type="line", x0=quantity, y0=0, x1=quantity, y1=price, line=dict(color="grey", width=3, dash="dash"))

    return fig

app.run_server(mode='inline', port=8057)
------------------

[1;31m---------------------------------------------------------------------------[0m
[1;31mModuleNotFoundError[0m                       Traceback (most recent call last)
Input [1;32mIn [1][0m, in [0;36m<cell line: 2>[1;34m()[0m
[0;32m      1[0m [38;5;66;03m# from jupyter_dash import JupyterDash[39;00m
[1;32m----> 2[0m [38;5;28;01mfrom[39;00m [38;5;21;01mdash[39;00m [38;5;28;01mimport[39;00m Dash, dcc, html, Input, Output
[0;32m      3[0m [38;5;28;01mimport[39;00m [38;5;21;01mplotly[39;00m[38;5;21;01m.[39;00m[38;5;21;01mgraph_objects[39;00m [38;5;28;01mas[39;00m [38;5;21;01mgo[39;00m
[0;32m      4[0m [38;5;28;01mimport[39;00m [38;5;21;01mplotly[39;00m[38;5;21;01m.[39;00m[38;5;21;01mexpress[39;00m [38;5;28;01mas[39;00m [38;5;21;01mpx[39;00m

[1;31mModuleNotFoundError[0m: No module named 'dash'
ModuleNotFoundError: No module named 'dash'

